<?xml version="1.0" encoding="utf-8"?><testsuites><testsuite name="pytest" errors="0" failures="0" skipped="0" tests="1" time="67.156" timestamp="2025-06-22T23:17:37.285141" hostname="DESKTOP-E4KF9OU"><testcase classname="tests.test_blog_crud_working.TestBlogCRUDWorking" name="test_blog_navigation_flow" time="67.127" /></testsuite></testsuites>